<?xml version="1.0" encoding="UTF-8"?>
<!-- Generated by org.testng.reporters.JUnitReportReporter -->
<testsuite hostname="fromAtoBs-MBP" failures="0" tests="1" name="com.atob.qa.tests.LinksOnHP" time="7.201" errors="0" timestamp="20 Sep 2019 10:53:27 GMT" skipped="0">
  <testcase classname="com.atob.qa.tests.LinksOnHP" name="allLinksOnHP" time="7.201"/>
</testsuite> <!-- com.atob.qa.tests.LinksOnHP -->
